Cleanup of /mnt/data/corpus_backend/job_storage completed on Mon Aug  4 00:00:01 CEST 2025
Cleanup of /mnt/data/corpus_backend/job_storage completed on Tue Aug  5 00:00:01 CEST 2025
Cleanup of /mnt/data/corpus_backend/job_storage completed on Wed Aug  6 00:00:01 CEST 2025
Cleanup of /mnt/data/corpus_backend/job_storage completed on Thu Aug  7 00:00:02 CEST 2025
Cleanup of /mnt/data/corpus_backend/job_storage completed on Fri Aug  8 00:00:01 CEST 2025
Cleanup of /mnt/data/corpus_backend/job_storage completed on Sat Aug  9 00:00:01 CEST 2025
Cleanup of /mnt/data/corpus_backend/job_storage completed on Sun Aug 10 00:00:01 CEST 2025
Cleanup of /mnt/data/corpus_backend/job_storage completed on Mon Aug 11 00:00:01 CEST 2025
Cleanup of /mnt/data/corpus_backend/job_storage completed on Tue Aug 12 00:00:01 CEST 2025
Cleanup of /mnt/data/corpus_backend/job_storage completed on Wed Aug 13 00:00:01 CEST 2025
Cleanup of /mnt/data/corpus_backend/job_storage completed on Thu Aug 14 00:00:01 CEST 2025
Cleanup of /mnt/data/corpus_backend/job_storage completed on Fri Aug 15 00:00:01 CEST 2025
Cleanup of /mnt/data/corpus_backend/job_storage completed on Sat Aug 16 00:00:01 CEST 2025
Cleanup of /mnt/data/corpus_backend/job_storage completed on Sun Aug 17 00:00:01 CEST 2025
Cleanup of /mnt/data/corpus_backend/job_storage completed on Mon Aug 18 00:00:01 CEST 2025
Cleanup of /mnt/data/corpus_backend/job_storage completed on Tue Aug 19 00:00:01 CEST 2025
Cleanup of /mnt/data/corpus_backend/job_storage completed on Wed Aug 20 00:00:01 CEST 2025
Cleanup of /mnt/data/corpus_backend/job_storage completed on Thu Aug 21 00:00:01 CEST 2025
Cleanup of /mnt/data/corpus_backend/job_storage completed on Fri Aug 22 00:00:01 CEST 2025
Cleanup of /mnt/data/corpus_backend/job_storage completed on Sat Aug 23 00:00:01 CEST 2025
Cleanup of /mnt/data/corpus_backend/job_storage completed on Sun Aug 24 00:00:01 CEST 2025
Cleanup of /mnt/data/corpus_backend/job_storage completed on Mon Aug 25 00:00:01 CEST 2025
Cleanup of /mnt/data/corpus_backend/job_storage completed on Tue Aug 26 00:00:01 CEST 2025
Cleanup of /mnt/data/corpus_backend/job_storage completed on Wed Aug 27 00:00:01 CEST 2025
Cleanup of /mnt/data/corpus_backend/job_storage completed on Thu Aug 28 00:00:01 CEST 2025
Cleanup of /mnt/data/corpus_backend/job_storage completed on Fri Aug 29 00:00:01 CEST 2025
Cleanup of /mnt/data/corpus_backend/job_storage completed on Sat Aug 30 00:00:01 CEST 2025
Cleanup of /mnt/data/corpus_backend/job_storage completed on Sun Aug 31 00:00:01 CEST 2025
Cleanup of /mnt/data/corpus_backend/job_storage completed on Mon Sep  1 00:00:01 CEST 2025
Cleanup of /mnt/data/corpus_backend/job_storage completed on Tue Sep  2 00:00:01 CEST 2025
Cleanup of /mnt/data/corpus_backend/job_storage completed on Wed Sep  3 00:00:01 CEST 2025
Cleanup of /mnt/data/corpus_backend/job_storage completed on Thu Sep  4 00:00:01 CEST 2025
Cleanup of /mnt/data/corpus_backend/job_storage completed on Fri Sep  5 00:00:01 CEST 2025
Cleanup of /mnt/data/corpus_backend/job_storage completed on Sat Sep  6 00:00:01 CEST 2025
Cleanup of /mnt/data/corpus_backend/job_storage completed on Tue Oct  7 00:00:01 CEST 2025
Cleanup of /mnt/data/corpus_backend/job_storage completed on Wed Oct  8 00:00:01 CEST 2025
Cleanup of /mnt/data/corpus_backend/job_storage completed on Thu Oct  9 00:00:01 CEST 2025
Cleanup of /mnt/data/corpus_backend/job_storage completed on Fri Oct 10 00:00:01 CEST 2025
Cleanup of /mnt/data/corpus_backend/job_storage completed on Sat Oct 11 00:00:01 CEST 2025
Cleanup of /mnt/data/corpus_backend/job_storage completed on Sun Oct 12 00:00:01 CEST 2025
Cleanup of /mnt/data/corpus_backend/job_storage completed on Mon Oct 13 00:00:01 CEST 2025
Cleanup of /mnt/data/corpus_backend/job_storage completed on Tue Oct 14 00:00:01 CEST 2025
Cleanup of /mnt/data/corpus_backend/job_storage completed on Wed Oct 15 00:00:01 CEST 2025
Cleanup of /mnt/data/corpus_backend/job_storage completed on Thu Oct 16 00:00:01 CEST 2025
Cleanup of /mnt/data/corpus_backend/job_storage completed on Fri Oct 17 00:00:01 CEST 2025
Cleanup of /mnt/data/corpus_backend/job_storage completed on Sat Oct 18 00:00:01 CEST 2025
Cleanup of /mnt/data/corpus_backend/job_storage completed on Sun Oct 19 00:00:01 CEST 2025
Cleanup of /mnt/data/corpus_backend/job_storage completed on Mon Oct 20 00:00:01 CEST 2025
Cleanup of /mnt/data/corpus_backend/job_storage completed on Tue Oct 21 00:00:01 CEST 2025
Cleanup of /mnt/data/corpus_backend/job_storage completed on Wed Oct 22 00:00:01 CEST 2025
Cleanup of /mnt/data/corpus_backend/job_storage completed on Thu Oct 23 00:00:01 CEST 2025
Cleanup of /mnt/data/corpus_backend/job_storage completed on Fri Oct 24 00:00:01 CEST 2025
Cleanup of /mnt/data/corpus_backend/job_storage completed on Sat Oct 25 00:00:01 CEST 2025
Cleanup of /mnt/data/corpus_backend/job_storage completed on Sun Oct 26 00:00:01 CEST 2025
Cleanup of /mnt/data/corpus_backend/job_storage completed on Mon Oct 27 00:00:01 CET 2025
Cleanup of /mnt/data/corpus_backend/job_storage completed on Tue Oct 28 00:00:01 CET 2025
Cleanup of /mnt/data/corpus_backend/job_storage completed on Wed Oct 29 00:00:01 CET 2025
Cleanup of /mnt/data/corpus_backend/job_storage completed on Thu Oct 30 00:00:01 CET 2025
Cleanup of /mnt/data/corpus_backend/job_storage completed on Fri Oct 31 00:00:01 CET 2025
Cleanup of /mnt/data/corpus_backend/job_storage completed on Sat Nov  1 00:00:01 CET 2025
Cleanup of /mnt/data/corpus_backend/job_storage completed on Sun Nov  2 00:00:01 CET 2025
Cleanup of /mnt/data/corpus_backend/job_storage completed on Mon Nov  3 00:00:01 CET 2025
Cleanup of /mnt/data/corpus_backend/job_storage completed on Tue Nov  4 00:00:01 CET 2025
Cleanup of /mnt/data/corpus_backend/job_storage completed on Wed Nov  5 00:00:01 CET 2025
Cleanup of /mnt/data/corpus_backend/job_storage completed on Thu Nov  6 00:00:01 CET 2025
Cleanup of /mnt/data/corpus_backend/job_storage completed on Fri Nov  7 00:00:01 CET 2025
Cleanup of /mnt/data/corpus_backend/job_storage completed on Sat Nov  8 00:00:01 CET 2025
Cleanup of /mnt/data/corpus_backend/job_storage completed on Sun Nov  9 00:00:01 CET 2025
Cleanup of /mnt/data/corpus_backend/job_storage completed on Mon Nov 10 00:00:01 CET 2025
Cleanup of /mnt/data/corpus_backend/job_storage completed on Tue Nov 11 00:00:01 CET 2025
Cleanup of /mnt/data/corpus_backend/job_storage completed on Wed Nov 12 00:00:01 CET 2025
Cleanup of /mnt/data/corpus_backend/job_storage completed on Thu Nov 13 00:00:01 CET 2025
Cleanup of /mnt/data/corpus_backend/job_storage completed on Fri Nov 14 00:00:01 CET 2025
Cleanup of /mnt/data/corpus_backend/job_storage completed on Sat Nov 15 00:00:01 CET 2025
Cleanup of /mnt/data/corpus_backend/job_storage completed on Sun Nov 16 00:00:01 CET 2025
Cleanup of /mnt/data/corpus_backend/job_storage completed on Mon Nov 17 00:00:01 CET 2025
Cleanup of /mnt/data/corpus_backend/job_storage completed on Tue Nov 18 00:00:01 CET 2025
Cleanup of /mnt/data/corpus_backend/job_storage completed on Wed Nov 19 00:00:01 CET 2025
Cleanup of /mnt/data/corpus_backend/job_storage completed on Thu Nov 20 00:00:01 CET 2025
Cleanup of /mnt/data/corpus_backend/job_storage completed on Fri Nov 21 00:00:01 CET 2025
Cleanup of /mnt/data/corpus_backend/job_storage completed on Sat Nov 22 00:00:01 CET 2025
Cleanup of /mnt/data/corpus_backend/job_storage completed on Sun Nov 23 00:00:01 CET 2025
Cleanup of /mnt/data/corpus_backend/job_storage completed on Mon Nov 24 00:00:01 CET 2025
Cleanup of /mnt/data/corpus_backend/job_storage completed on Tue Nov 25 00:00:01 CET 2025
Cleanup of /mnt/data/corpus_backend/job_storage completed on Wed Nov 26 00:00:01 CET 2025
Cleanup of /mnt/data/corpus_backend/job_storage completed on Thu Nov 27 00:00:01 CET 2025
Cleanup of /mnt/data/corpus_backend/job_storage completed on Fri Nov 28 00:00:01 CET 2025
Cleanup of /mnt/data/corpus_backend/job_storage completed on Sat Nov 29 00:00:01 CET 2025
Cleanup of /mnt/data/corpus_backend/job_storage completed on Sun Nov 30 00:00:01 CET 2025
Cleanup of /mnt/data/corpus_backend/job_storage completed on Mon Dec  1 00:00:01 CET 2025
Cleanup of /mnt/data/corpus_backend/job_storage completed on Tue Dec  2 00:00:01 CET 2025
Cleanup of /mnt/data/corpus_backend/job_storage completed on Wed Dec  3 00:00:02 CET 2025
Cleanup of /mnt/data/corpus_backend/job_storage completed on Thu Dec  4 00:00:01 CET 2025
Cleanup of /mnt/data/corpus_backend/job_storage completed on Fri Dec  5 00:00:01 CET 2025
Cleanup of /mnt/data/corpus_backend/job_storage completed on Sat Dec  6 00:00:01 CET 2025
Cleanup of /mnt/data/corpus_backend/job_storage completed on Sun Dec  7 00:00:01 CET 2025
Cleanup of /mnt/data/corpus_backend/job_storage completed on Mon Dec  8 00:00:01 CET 2025
Cleanup of /mnt/data/corpus_backend/job_storage completed on Tue Dec  9 00:00:01 CET 2025
Cleanup of /mnt/data/corpus_backend/job_storage completed on Wed Dec 10 00:00:01 CET 2025
Cleanup of /mnt/data/corpus_backend/job_storage completed on Thu Dec 11 00:00:01 CET 2025
Cleanup of /mnt/data/corpus_backend/job_storage completed on Fri Dec 12 00:00:01 CET 2025
Cleanup of /mnt/data/corpus_backend/job_storage completed on Sat Dec 13 00:00:01 CET 2025
Cleanup of /mnt/data/corpus_backend/job_storage completed on Sun Dec 14 00:00:01 CET 2025
Cleanup of /mnt/data/corpus_backend/job_storage completed on Mon Dec 15 00:00:01 CET 2025
Cleanup of /mnt/data/corpus_backend/job_storage completed on Tue Dec 16 00:00:01 CET 2025
Cleanup of /mnt/data/corpus_backend/job_storage completed on Wed Dec 17 00:00:01 CET 2025
Cleanup of /mnt/data/corpus_backend/job_storage completed on Thu Dec 18 00:00:01 CET 2025
Cleanup of /mnt/data/corpus_backend/job_storage completed on Fri Dec 19 00:00:01 CET 2025
Cleanup of /mnt/data/corpus_backend/job_storage completed on Sat Dec 20 00:00:01 CET 2025
Cleanup of /mnt/data/corpus_backend/job_storage completed on Sun Dec 21 00:00:01 CET 2025
Cleanup of /mnt/data/corpus_backend/job_storage completed on Mon Dec 22 00:00:01 CET 2025
Cleanup of /mnt/data/corpus_backend/job_storage completed on Tue Dec 23 00:00:01 CET 2025
Cleanup of /mnt/data/corpus_backend/job_storage completed on Wed Dec 24 00:00:01 CET 2025
Cleanup of /mnt/data/corpus_backend/job_storage completed on Thu Dec 25 00:00:01 CET 2025
Cleanup of /mnt/data/corpus_backend/job_storage completed on Fri Dec 26 00:00:01 CET 2025
Cleanup of /mnt/data/corpus_backend/job_storage completed on Sat Dec 27 00:00:01 CET 2025
Cleanup of /mnt/data/corpus_backend/job_storage completed on Sun Dec 28 00:00:01 CET 2025
Cleanup of /mnt/data/corpus_backend/job_storage completed on Mon Dec 29 00:00:01 CET 2025
Cleanup of /mnt/data/corpus_backend/job_storage completed on Tue Dec 30 00:00:01 CET 2025
Cleanup of /mnt/data/corpus_backend/job_storage completed on Wed Dec 31 00:00:01 CET 2025
Cleanup of /mnt/data/corpus_backend/job_storage completed on Thu Jan  1 00:00:01 CET 2026
Cleanup of /mnt/data/corpus_backend/job_storage completed on Fri Jan  2 00:00:01 CET 2026
Cleanup of /mnt/data/corpus_backend/job_storage completed on Sat Jan  3 00:00:01 CET 2026
Cleanup of /mnt/data/corpus_backend/job_storage completed on Sun Jan  4 00:00:01 CET 2026
Cleanup of /mnt/data/corpus_backend/job_storage completed on Mon Jan  5 00:00:01 CET 2026
Cleanup of /mnt/data/corpus_backend/job_storage completed on Tue Jan  6 00:00:01 CET 2026
Cleanup of /mnt/data/corpus_backend/job_storage completed on Wed Jan  7 00:00:01 CET 2026
Cleanup of /mnt/data/corpus_backend/job_storage completed on Thu Jan  8 00:00:01 CET 2026
Cleanup of /mnt/data/corpus_backend/job_storage completed on Fri Jan  9 00:00:01 CET 2026
Cleanup of /mnt/data/corpus_backend/job_storage completed on Sat Jan 10 00:00:01 CET 2026
Cleanup of /mnt/data/corpus_backend/job_storage completed on Sun Jan 11 00:00:01 CET 2026
Cleanup of /mnt/data/corpus_backend/job_storage completed on Mon Jan 12 00:00:01 CET 2026
Cleanup of /mnt/data/corpus_backend/job_storage completed on Tue Jan 13 00:00:01 CET 2026
Cleanup of /mnt/data/corpus_backend/job_storage completed on Wed Jan 14 00:00:01 CET 2026
Cleanup of /mnt/data/corpus_backend/job_storage completed on Thu Jan 15 00:00:01 CET 2026
Cleanup of /mnt/data/corpus_backend/job_storage completed on Fri Jan 16 00:00:01 CET 2026
Cleanup of /mnt/data/corpus_backend/job_storage completed on Sat Jan 17 00:00:01 CET 2026
Cleanup of /mnt/data/corpus_backend/job_storage completed on Sun Jan 18 00:00:01 CET 2026
Cleanup of /mnt/data/corpus_backend/job_storage completed on Mon Jan 19 00:00:01 CET 2026
Cleanup of /mnt/data/corpus_backend/job_storage completed on Tue Jan 20 00:00:01 CET 2026
Cleanup of /mnt/data/corpus_backend/job_storage completed on Wed Jan 21 00:00:01 CET 2026
Cleanup of /mnt/data/corpus_backend/job_storage completed on Thu Jan 22 00:00:01 CET 2026
Cleanup of /mnt/data/corpus_backend/job_storage completed on Fri Jan 23 00:00:01 CET 2026
Cleanup of /mnt/data/corpus_backend/job_storage completed on Sat Jan 24 00:00:01 CET 2026
Cleanup of /mnt/data/corpus_backend/job_storage completed on Sun Jan 25 00:00:01 CET 2026
Cleanup of /mnt/data/corpus_backend/job_storage completed on Mon Jan 26 00:00:01 CET 2026
Cleanup of /mnt/data/corpus_backend/job_storage completed on Tue Jan 27 00:00:01 CET 2026
Cleanup of /mnt/data/corpus_backend/job_storage completed on Wed Jan 28 00:00:01 CET 2026
Cleanup of /mnt/data/corpus_backend/job_storage completed on Thu Jan 29 00:00:01 CET 2026
Cleanup of /mnt/data/corpus_backend/job_storage completed on Fri Jan 30 00:00:01 CET 2026
Cleanup of /mnt/data/corpus_backend/job_storage completed on Sat Jan 31 00:00:01 CET 2026
Cleanup of /mnt/data/corpus_backend/job_storage completed on Sun Feb  1 00:00:01 CET 2026
Cleanup of /mnt/data/corpus_backend/job_storage completed on Mon Feb  2 00:00:01 CET 2026
Cleanup of /mnt/data/corpus_backend/job_storage completed on Tue Feb  3 00:00:01 CET 2026
Cleanup of /mnt/data/corpus_backend/job_storage completed on Wed Feb  4 00:00:01 CET 2026
Cleanup of /mnt/data/corpus_backend/job_storage completed on Thu Feb  5 00:00:01 CET 2026
Cleanup of /mnt/data/corpus_backend/job_storage completed on Fri Feb  6 00:00:01 CET 2026
Cleanup of /mnt/data/corpus_backend/job_storage completed on Sat Feb  7 00:00:01 CET 2026
Cleanup of /mnt/data/corpus_backend/job_storage completed on Sun Feb  8 00:00:01 CET 2026
Cleanup of /mnt/data/corpus_backend/job_storage completed on Mon Feb  9 00:00:01 CET 2026
Cleanup of /mnt/data/corpus_backend/job_storage completed on Tue Feb 10 00:00:01 CET 2026
Cleanup of /mnt/data/corpus_backend/job_storage completed on Wed Feb 11 00:00:01 CET 2026
Cleanup of /mnt/data/corpus_backend/job_storage completed on Thu Feb 12 00:00:01 CET 2026
Cleanup of /mnt/data/corpus_backend/job_storage completed on Fri Feb 13 00:00:01 CET 2026
Cleanup of /mnt/data/corpus_backend/job_storage completed on Sat Feb 14 00:00:01 CET 2026
Cleanup of /mnt/data/corpus_backend/job_storage completed on Sun Feb 15 00:00:01 CET 2026
Cleanup of /mnt/data/corpus_backend/job_storage completed on Mon Feb 16 00:00:01 CET 2026
Cleanup of /mnt/data/corpus_backend/job_storage completed on Tue Feb 17 00:00:01 CET 2026
Cleanup of /mnt/data/corpus_backend/job_storage completed on Wed Feb 18 00:00:01 CET 2026
Cleanup of /mnt/data/corpus_backend/job_storage completed on Thu Feb 19 00:00:01 CET 2026
Cleanup of /mnt/data/corpus_backend/job_storage completed on Fri Feb 20 00:00:01 CET 2026
Cleanup of /mnt/data/corpus_backend/job_storage completed on Sat Feb 21 00:00:01 CET 2026
Cleanup of /mnt/data/corpus_backend/job_storage completed on Sun Feb 22 00:00:01 CET 2026
Cleanup of /mnt/data/corpus_backend/job_storage completed on Mon Feb 23 00:00:01 CET 2026
Cleanup of /mnt/data/corpus_backend/job_storage completed on Tue Feb 24 00:00:01 CET 2026
Cleanup of /mnt/data/corpus_backend/job_storage completed on Wed Feb 25 00:00:01 CET 2026
Cleanup of /mnt/data/corpus_backend/job_storage completed on Thu Feb 26 00:00:01 CET 2026
Cleanup of /mnt/data/corpus_backend/job_storage completed on Fri Feb 27 00:00:01 CET 2026
Cleanup of /mnt/data/corpus_backend/job_storage completed on Sat Feb 28 00:00:01 CET 2026
Cleanup of /mnt/data/corpus_backend/job_storage completed on Sun Mar  1 00:00:01 CET 2026
Cleanup of /mnt/data/corpus_backend/job_storage completed on Mon Mar  2 00:00:01 CET 2026
Cleanup of /mnt/data/corpus_backend/job_storage completed on Tue Mar  3 00:00:01 CET 2026
Cleanup of /mnt/data/corpus_backend/job_storage completed on Wed Mar  4 00:00:01 CET 2026
Cleanup of /mnt/data/corpus_backend/job_storage completed on Thu Mar  5 00:00:01 CET 2026
Cleanup of /mnt/data/corpus_backend/job_storage completed on Fri Mar  6 00:00:01 CET 2026
Cleanup of /mnt/data/corpus_backend/job_storage completed on Sat Mar  7 00:00:01 CET 2026
Cleanup of /mnt/data/corpus_backend/job_storage completed on Sun Mar  8 00:00:01 CET 2026
Cleanup of /mnt/data/corpus_backend/job_storage completed on Mon Mar  9 00:00:01 CET 2026
Cleanup of /mnt/data/corpus_backend/job_storage completed on Tue Mar 10 00:00:01 CET 2026
Cleanup of /mnt/data/corpus_backend/job_storage completed on Wed Mar 11 00:00:01 CET 2026
Cleanup of /mnt/data/corpus_backend/job_storage completed on Thu Mar 12 00:00:01 CET 2026
Cleanup of /mnt/data/corpus_backend/job_storage completed on Fri Mar 13 00:00:01 CET 2026
Cleanup of /mnt/data/corpus_backend/job_storage completed on Sat Mar 14 00:00:01 CET 2026
Cleanup of /mnt/data/corpus_backend/job_storage completed on Sun Mar 15 00:00:01 CET 2026
Cleanup of /mnt/data/corpus_backend/job_storage completed on Mon Mar 16 00:00:01 CET 2026
Cleanup of /mnt/data/corpus_backend/job_storage completed on Tue Mar 17 00:00:01 CET 2026
Cleanup of /mnt/data/corpus_backend/job_storage completed on Wed Mar 18 00:00:01 CET 2026
Cleanup of /mnt/data/corpus_backend/job_storage completed on Thu Mar 19 00:00:01 CET 2026
Cleanup of /mnt/data/corpus_backend/job_storage completed on Fri Mar 20 00:00:01 CET 2026
Cleanup of /mnt/data/corpus_backend/job_storage completed on Sat Mar 21 00:00:01 CET 2026
Cleanup of /mnt/data/corpus_backend/job_storage completed on Sun Mar 22 00:00:01 CET 2026
Cleanup of /mnt/data/corpus_backend/job_storage completed on Mon Mar 23 00:00:01 CET 2026
Cleanup of /mnt/data/corpus_backend/job_storage completed on Tue Mar 24 00:00:01 CET 2026
Cleanup of /mnt/data/corpus_backend/job_storage completed on Wed Mar 25 00:00:01 CET 2026
Cleanup of /mnt/data/corpus_backend/job_storage completed on Thu Mar 26 00:00:01 CET 2026
Cleanup of /mnt/data/corpus_backend/job_storage completed on Fri Mar 27 00:00:01 CET 2026
Cleanup of /mnt/data/corpus_backend/job_storage completed on Sat Mar 28 00:00:01 CET 2026
Cleanup of /mnt/data/corpus_backend/job_storage completed on Sun Mar 29 00:00:01 CET 2026
Cleanup of /mnt/data/corpus_backend/job_storage completed on Mon Mar 30 00:00:01 CEST 2026
Cleanup of /mnt/data/corpus_backend/job_storage completed on Tue Mar 31 00:00:01 CEST 2026
Cleanup of /mnt/data/corpus_backend/job_storage completed on Wed Apr  1 00:00:01 CEST 2026
Cleanup of /mnt/data/corpus_backend/job_storage completed on Thu Apr  2 00:00:01 CEST 2026
Cleanup of /mnt/data/corpus_backend/job_storage completed on Fri Apr  3 00:00:01 CEST 2026
Cleanup of /mnt/data/corpus_backend/job_storage completed on Sat Apr  4 00:00:01 CEST 2026
Cleanup of /mnt/data/corpus_backend/job_storage completed on Sun Apr  5 00:00:01 CEST 2026
Cleanup of /mnt/data/corpus_backend/job_storage completed on Mon Apr  6 00:00:01 CEST 2026
Cleanup of /mnt/data/corpus_backend/job_storage completed on Tue Apr  7 00:00:01 CEST 2026
Cleanup of /mnt/data/corpus_backend/job_storage completed on Wed Apr  8 00:00:01 CEST 2026
Cleanup of /mnt/data/corpus_backend/job_storage completed on Thu Apr  9 00:00:01 CEST 2026
Cleanup of /mnt/data/corpus_backend/job_storage completed on Fri Apr 10 00:00:02 CEST 2026
Cleanup of /mnt/data/corpus_backend/job_storage completed on Sat Apr 11 00:00:01 CEST 2026
Cleanup of /mnt/data/corpus_backend/job_storage completed on Sun Apr 12 00:00:01 CEST 2026
Cleanup of /mnt/data/corpus_backend/job_storage completed on Mon Apr 13 00:00:01 CEST 2026
Cleanup of /mnt/data/corpus_backend/job_storage completed on Tue Apr 14 00:00:01 CEST 2026
Cleanup of /mnt/data/corpus_backend/job_storage completed on Wed Apr 15 00:00:01 CEST 2026
Cleanup of /mnt/data/corpus_backend/job_storage completed on Thu Apr 30 00:00:01 CEST 2026
Cleanup of /mnt/data/corpus_backend/job_storage completed on Fri May  1 00:00:01 CEST 2026
Cleanup of /mnt/data/corpus_backend/job_storage completed on Sat May  2 00:00:01 CEST 2026
Cleanup of /mnt/data/corpus_backend/job_storage completed on Sun May  3 00:00:01 CEST 2026
Cleanup of /mnt/data/corpus_backend/job_storage completed on Mon May  4 00:00:01 CEST 2026
Cleanup of /mnt/data/corpus_backend/job_storage completed on Tue May  5 00:00:01 CEST 2026
Cleanup of /mnt/data/corpus_backend/job_storage completed on Wed May  6 00:00:01 CEST 2026
Cleanup of /mnt/data/corpus_backend/job_storage completed on Thu May  7 00:00:01 CEST 2026
Cleanup of /mnt/data/corpus_backend/job_storage completed on Fri May  8 00:00:01 CEST 2026
Cleanup of /mnt/data/corpus_backend/job_storage completed on Sat May  9 00:00:02 CEST 2026
Cleanup of /mnt/data/corpus_backend/job_storage completed on Sun May 10 00:00:01 CEST 2026
Cleanup of /mnt/data/corpus_backend/job_storage completed on Mon May 11 00:00:01 CEST 2026
Cleanup of /mnt/data/corpus_backend/job_storage completed on Tue May 12 00:00:01 CEST 2026
Cleanup of /mnt/data/corpus_backend/job_storage completed on Wed May 13 00:00:01 CEST 2026
Cleanup of /mnt/data/corpus_backend/job_storage completed on Thu May 14 00:00:01 CEST 2026
Cleanup of /mnt/data/corpus_backend/job_storage completed on Fri May 15 00:00:01 CEST 2026
Cleanup of /mnt/data/corpus_backend/job_storage completed on Sat May 16 00:00:01 CEST 2026
Cleanup of /mnt/data/corpus_backend/job_storage completed on Sun May 17 00:00:01 CEST 2026
Cleanup of /mnt/data/corpus_backend/job_storage completed on Mon May 18 00:00:01 CEST 2026
Cleanup of /mnt/data/corpus_backend/job_storage completed on Tue May 19 00:00:01 CEST 2026
Cleanup of /mnt/data/corpus_backend/job_storage completed on Wed May 20 00:00:01 CEST 2026
Cleanup of /mnt/data/corpus_backend/job_storage completed on Thu May 21 00:00:01 CEST 2026
Cleanup of /mnt/data/corpus_backend/job_storage completed on Fri May 22 00:00:01 CEST 2026
Cleanup of /mnt/data/corpus_backend/job_storage completed on Sat May 23 00:00:01 CEST 2026
Cleanup of /mnt/data/corpus_backend/job_storage completed on Sun May 24 00:00:01 CEST 2026
Cleanup of /mnt/data/corpus_backend/job_storage completed on Mon May 25 00:00:01 CEST 2026
Cleanup of /mnt/data/corpus_backend/job_storage completed on Tue May 26 00:00:01 CEST 2026
Cleanup of /mnt/data/corpus_backend/job_storage completed on Wed May 27 00:00:01 CEST 2026
Cleanup of /mnt/data/corpus_backend/job_storage completed on Thu May 28 00:00:01 CEST 2026
Cleanup of /mnt/data/corpus_backend/job_storage completed on Fri May 29 00:00:01 CEST 2026
Cleanup of /mnt/data/corpus_backend/job_storage completed on Sat May 30 00:00:01 CEST 2026
Cleanup of /mnt/data/corpus_backend/job_storage completed on Sun May 31 00:00:01 CEST 2026
Cleanup of /mnt/data/corpus_backend/job_storage completed on Mon Jun  1 00:00:01 CEST 2026
Cleanup of /mnt/data/corpus_backend/job_storage completed on Tue Jun  2 00:00:01 CEST 2026
Cleanup of /mnt/data/corpus_backend/job_storage completed on Wed Jun  3 00:00:01 CEST 2026
Cleanup of /mnt/data/corpus_backend/job_storage completed on Thu Jun  4 00:00:01 CEST 2026
Cleanup of /mnt/data/corpus_backend/job_storage completed on Fri Jun  5 00:00:01 CEST 2026
Cleanup of /mnt/data/corpus_backend/job_storage completed on Sat Jun  6 00:00:01 CEST 2026
Cleanup of /mnt/data/corpus_backend/job_storage completed on Sun Jun  7 00:00:01 CEST 2026
Cleanup of /mnt/data/corpus_backend/job_storage completed on Mon Jun  8 00:00:01 CEST 2026
Cleanup of /mnt/data/corpus_backend/job_storage completed on Tue Jun  9 00:00:01 CEST 2026
Cleanup of /mnt/data/corpus_backend/job_storage completed on Wed Jun 10 00:00:01 CEST 2026
Cleanup of /mnt/data/corpus_backend/job_storage completed on Thu Jun 11 00:00:01 CEST 2026
